750
24
830
738
19
946 6
98
70
608 700
748
537 61
106
841 126
792
17
209
530
469 20
298
768
502
980 835
820
467
647
290 711
872 974
874
296
155 434
917
935
519
373 401
40 513
633 244
86 350
713
429
729
421
808 227
755
605
509
113
507
334
747
362
639
179
440
941 99
351
644
540
878
29
157 15
660 474
972
824 214
143 956
92
319
666 673
267
926
996 624
204 622
791
940 80
357
924
299
255
170
623
430
187
82 295
860
202
12 619
565
181
557
263 153
923
504
893
16
316
90
573 118
491
864
479
879 868
851
516
884 97
306 138
239
445 548
396
268
929 464
984 427
849
966
821
423
572 930
314
74
235
560
95 858
273 336
777
7
178
446
722
708
687
780
766
712
256 200
33
538
13
890
228
180 945
954
50
367
3
592
52 183
378
246 846
943 221
91 589
192
31 37
737 144
146 632
68 674
83
601 383
245
271 535
163 487
649
237 114
921
372 916
876 628
710 108
56
971
293
576
852
87
343 27
654
686 717
968 438
320
728
629
784
568 466
785
81
627
545 437
349
797 664
286
702
975
764
360
970
880
400
900
817 912
602
112
616
588
621
375 625
67 454
36 289
931
456
599 224
730
210
707
694
404
321 744
333
961 182
888
626
23
380
111
406
770 88
533
906
753 131
526
795 731
829
329
196
283
500
403 752
641
765 392
307 965
297 617
952 794
136
983
704
175 124
805 376
614
934 94
305
393
226 162
850
475 266
848
672
288 847
100
709 359
877
416
159
716 337
585 503
567
5
60
364
655
993 885
719
658
460
775
25
22
45
833 26
212
381
691
574
772
161 661
657 65
561
4
564 409
910 382
932 783
663
750 116
110
496 798
420
408 547
395 215
819
303
497
238 562
811
927 698
671
659 518
522 447
815
260
328
461 398
174
776
891 93
939
274
53 524
34
506
220
634 248
902 903
656
550
802
955
987
208
882 958
779
107
294
667
313
28
18 173
950
304 419
645
452 635
936
190 501
42
551
812
760 280
857 0
109
481 32
480
444 947
483
875
995 643
652
370
703 749
778
229
78
529 234
595 523
976
346
642
831
89
743
308
463
761
413 689
148
186
539
754
223 705
911 84
756
696 76
757
265
813 130
477
415 484
889
769 49
962
559
883 781
335 443
988 102
832 915
344 598
355 494
670 920
897 763
125
361
558 492
571 339
895
30 134
960 322
609 47
532
514
236 449
219
485
944
859
284
600 953
800 681
899
992
570
122
203
771
913
331 587
142
521 57
822
688
810 385
732
908
43
542 853
922
11
439
366 894
836
490 327
442
71 115
377
818 563
264 840
387
596
718
986
291 69
828 270
586 428
302
326
508
140
166
79 525
207 104
73
278
963
613
141
579 990
534 399
371 345
48
311
556
258
272
103
127
418 388
132
14
120
942
397
407 881
799
793 901
528 651
222
727
459 171
276
379
973 904
982 782
734
164
358
682
411
637 527
287
865
240
147 310
243 631
740 871
861 683
471 318
690
63
176
233
353 417
745
867
706
317
473
541
332
979 257
610
121
225
250 195
648
677
839
842
154
340
347
758 363
151 580
275
55 668
46 985
241
969
198 54
844
261
301
951
650
21
806 386
620 590
281
701 150
38
342
994
232
896
498 937
169 999
211
584
194
575
325
465 152
451
767
816 856
384 583
323
168 191
823
751 578
472
591
505
854
603 85
41
695 892
665 726
455 368
636 249
35
9
611
742
177
606
145
843
39
733
391
640
213
555
478 759
251
374
137 156
412
300
869
549
790
253 158
554
410 662
998
991 774
432 676
630 615
862 165
803
809
699 715
105 470
2 949
887
486
679
863
435
457
189
515
938
422 837
746
804
468
279
546
845
594
252 977
981 10
597
653 458
531
604
462
510 512
907
997
762 390
905
577 517
369
247
692
356
807
553 967
201
448
948
285 697
680
315
855
736
259 482
96 675
493
184
964
678
569
450
834 269
838 129
101 262
149
436
693
919 188
646
77
216
254
898 424
725
989
44 607
544 789
978
51 242
230
685 543
119 72
139
536
959
205
348
405 341
425
312
741
218 185
309
720 796
684 582
925
873 414
552 402
826
739
1
909 788
389
886
825 735
957 365
827
433
593
133 814
520
724
870
394 231
612 928
431
193
8 117
441
476 566
918 511
723
914
354
277
75
167
352
160 58
330 172
714 64
62
866 128
488
638
199 618
801 59
197
324 66
135
453
787
499
338 721
426 581
489
933
669
292
217
206 495
786
773 123
282
