250
206 579
30 130
417 941
44 582
335 695
221 633
711 6
898 563
800 750
304 223
271 653
840 253
715 390
58 547
191 424
697 858
544 577
795 218
674 828
405 562
126 454
813 150
518 359
198 0
651 537
903 336
331 85
783 407
95 195
290 628
773 781
269 816
977 699
20 67
841 769
55 974
398 65
153 873
847 705
511 573
53 236
981 47
243 86
231 250
660 902
474 525
912 434
318 879
449 881
892 366
527 953
368 979
670 985
794 984
445 215
168 94
117 244
386 128
973 883
700 482
788 322
138 666
295 919
961 662
838 612
598 242
814 993
383 96
726 566
484 343
226 918
371 960
801 990
182 470
476 288
465 345
528 66
418 327
310 365
443 147
157 257
280 701
796 904
548 82
832 36
52 61
68 996
496 71
631 534
395 762
885 469
684 956
432 664
234 171
553 543
414 930
291 871
818 415
131 156
382 15
447 26
116 355
866 246
248 934
920 578
522 57
928 558
487 958
806 88
709 643
789 744
601 155
324 401
190 721
144 137
338 580
427 437
227 916
399 957
444 353
909 426
214 932
523 93
685 207
289 609
673 183
249 634
618 581
69 607
114 698
910 165
630 657
949 980
256 622
503 749
765 172
735 32
373 259
619 608
475 517
810 105
455 915
625 995
188 224
129 466
97 199
689 686
834 161
162 720
204 385
661 8
793 529
535 490
297 350
882 54
37 782
568 710
737 152
124 590
252 180
600 264
911 805
49 102
999 521
571 760
703 494
714 118
408 824
894 774
27 675
458 965
731 753
76 146
833 937
808 163
185 341
876 586
564 119
99 80
461 599
46 763
394 696
510 868
402 151
595 266
635 572
384 770
681 337
10 452
624 321
901 158
797 200
459 615
991 344
759 495
872 40
945 552
51 740
501 853
273 752
115 91
104 862
952 632
798 946
471 891
175 438
897 637
72 665
676 825
817 927
108 339
585 492
967 856
512 173
101 943
330 988
583 363
422 64
12 392
968 238
160 123
982 307
846 388
143 636
2 372
59 716
84 79
751 940
857 410
717 262
587 929
478 237
413 884
428 285
270 134
758 947
603 542
589 464
481 375
263 306
403 133
419 545
524 617
861 659
18 683
376 668
498 835
31 169
409 513
837 620
