750
282
102 104
699 700
230
601 603
212
354
886
925
251
667
493
442
380
546
597
163 165
368 371
589 590
637 643
746
730
107
105 108
453
942
106
736
273 280
921
882 883
553 558
301
138 143
457
819
743
353 355
561
502
771
971
382 383
313
321 322
954
45
367
276
680
136
401 402
277
33
550
428 432
191 195
922
320
43
672
895
439
208
537 542
614
247
812
592
980 981
754
536
990 991
118 119
292
660 661
159
240
562 563
223 224
912 915
568 571
554
512 513
109
923
702
866 868
447 449
196
317
572 573
807
501 503
694
213
712
403 405
210
343 344
500
346
229
434 437
997
387
451
308
238 242
435
202
127
775
412
618 619
422 424
114 115
76 79
531
241
254
887
540
226 227
34
860
690
444 445
871 872
880
919 920
825 828
523 524
525 527
804
800 801
316
62
116 117
48
695 696
11
606
468
22
302
569
701 703
484 487
463
181
329
40 44
10 12
13
557
397
186
520
616
906
80 82
803
549
855
413 414
490 492
421
879 881
681 683
433
466 469
913
340
850
198 199
326
29
21
718
802
604
110
534 535
916 918
693
132
996 999
857 858
533
893
526
6 8
70
154
780
314
668 670
586 587
788 789
548 552
263 264
650
799
845
126 128
377
627
938
420
98
777
706
293
638
59 61
924
335 336
374
235
228
675 676
964
722
719
386 388
312
749 750
31 32
64 65
682
358
66 67
252 253
74
848
0 2
559
591
50
993 995
167
197
821
147 150
904 909
369
286
35
823
103
473
844
479
164
560
937 940
246 248
970
840 841
791
394 395
56
225
145
415 417
73
982 984
364
259 262
179
649
309
986
785
192
865
436
652
532
761
121
400
148
729
113
584
551
776
509
958 960
947 949
149
564 566
270 271
332
90
379
770 773
678
258
790
298
837 838
975
266 269
49 51
462
27 30
963
139
891 892
651 653
588
697 698
741
287
813 814
859
852
772
168 169
811
255
768
300
245
917
541
389
545 547
423
170
455 458
460
665 666
818 824
779
470 471
989
631 632
543 544
305
337 338
91 93
579 580
217
969
289 290
782 783
17
330 331
899
767
826
507
46 47
658
68 69
787
977 979
272
407 408
489
510 511
738
306 307
596
268
161 162
352
707
831
384 385
206 207
497
723
874
1
734
189
38
662 664
494 495
381
361
724
951
808 810
398 399
615 617
816 817
753 758
671
567
830
324 327
19
351
416
131 133
474 475
575
629
448
438 443
211
219
452 454
303
477
20 26
485
905
884 885
260
233
216
973 974
992
464 465
898 901
365 366
328
96 97
705 709
873 876
875
333
54 55
834 835
720 721
950
677
521 522
747
952 953
978
583 585
929 930
480
349
396
985 988
425
983
356
122
36 37
274
499
429
910 911
851
310 318
87
506
647
565
390 392
249 250
220
939
556
418 419
311
178
778
325
708
756
843
759 760
296
742
496 498
751 752
809
998
515
726 731
593
635 636
764
339 341
962
508
642
265
166
967 968
611
793 794
935
63
291 295
205
294
430
297 304
171 172
836
426 427
193
75
218 221
645
406
409 410
440
633 634
200 204
870
92
180 182
111
966
748
757
71 72
766
628 630
481 482
839
792
576
846 847
644
188 190
959
404
203
456
624 625
820
519
347
745
692
158 160
762 763
491
23
896
739
177
209
774 781
863
281
595 598
832 833
732
704
378
849
77
786
459 461
621
348
112
640
656
222
7
372 373
948
184
641
842
99 101
284
878
278
555
81
504
236 237
16
936
655
610
889
795 796
60
765 769
15 18
570
89
153 155
594
602
315
142
673 674
972
505
687
256 257
83
28
24
902 903
797 798
854
869
100
441
214 215
323
639
822
684 685
275
4
125
86 88
299
129 130
516
357
944
829
486
391
123 124
84 85
39
431
784
867
14
815
894 897
334
375 376
370
691
657 659
539
755
467
450
620 622
42
173 175
716 717
626
907
914
994
231 234
961 965
476 478
853 856
232
728
57 58
279
362
900
151 152
646
945 946
538
926
956 957
140
740 744
194
574
605
120
733
141
283
599 600
411
517 518
156 157
577 578
877
342
134 137
735 737
927 928
933
360
514
94 95
864
861 862
669
888
827
483
908
955
714 715
183 185
987
446
472
805 806
607 608
679
239
941 943
581 582
488
261
686 689
713
663
530
710 711
267
528 529
176
932 934
9
613
359 363
623
25
52 53
609 612
976
174
727
319
135
725
648
931
144 146
890
285 288
393
345 350
187
201
3
654
688
78
5
41
243 244
