750
349
528 529
100
170
746
729
665 666
795 796
328
945 946
690
797 798
736
316
284
861 862
601 603
455 458
663
989
684 685
584
631 632
309
193
81
27 30
303
963
4
880
23
779
714 715
530
380
433
605
680
742
951
894 897
134 137
141
404
799
767
536
764
570
35
358
550
485
596
416
935
434 437
319
739
692
777
702
813 814
936
896
240
386 388
844
178
772
42
491
629
887
572 573
188 190
973 974
852
89
296
807
543 544
759 760
368 371
726 731
113
238 242
792
292
148
905
452 454
512 513
494 495
120
507
489
926
407 408
390 392
260
656
286
103
267
457
96 97
829
235
541
942
568 571
252 253
144 146
677
446
258
688
639
790
762 763
650
275
87
751 752
64 65
626
893
869
651 653
210
863
403 405
520
788 789
232
435
299
426 427
907
725
372 373
871 872
0 2
768
249 250
648
846 847
939
301
669
136
673 674
332
778
340
294
898 901
501 503
274
36 37
229
761
944
420
616
878
956 957
468
213
3
576
710 711
569
597
168 169
40 44
306 307
77
191 195
842
646
29
952 953
586 587
334
506
793 794
151 152
908
270 271
723
627
980 981
343 344
519
791
540
549
7
406
220
745
757
412
477
330 331
173 175
346
556
579 580
803
886
84 85
90
834 835
672
245
785
194
43
972
241
912 915
263 264
904 909
46 47
179
225
324 327
68 69
595 598
637 643
551
820
109
256 257
786
713
135
523 524
756
198 199
996 999
490 492
502
902 903
962
821
816 817
277
361
687
48
859
56
624 625
822
436
337 338
970
1
638
882 883
681 683
214 215
708
819
50
479
938
106
644
114 115
474 475
339 341
548 552
418 419
315
218 221
15 18
243 244
832 833
521 522
534 535
668 670
921
11
809
976
917
335 336
967 968
641
138 143
682
73
678
913
837 838
200 204
105 108
370
954
272
321 322
826
389
992
356
933
276
517 518
950
397
379
589 590
265
394 395
857 858
707
727
59 61
948
251
514
782 783
990 991
774 781
959
305
937 940
982 984
459 461
660 661
998
985 988
969
840 841
620 622
947 949
353 355
815
599 600
202
855
102 104
300
484 487
850
176
614
978
971
125
732
818 824
466 469
118 119
610
163 165
10 12
121
201
360
342
362
425
771
80 82
171 172
961 965
958 960
231 234
602
505
140
800 801
925
254
181
604
577 578
738
19
391
564 566
131 133
5
877
167
326
348
17
387
697 698
481 482
25
154
74
228
450
553 558
447 449
197
39
546
283
657 659
83
830
273 280
415 417
679
654
460
784
127
365 366
377
62
613
567
107
488
369
919 920
31 32
993 995
145
279
652
983
645
208
853 856
351
158 160
216
476 478
560
895
867
92
13
647
440
691
623
640
451
770 773
740 744
431
592
161 162
749 750
472
345 350
588
686 689
693
382 383
259 262
753 758
153 155
609 612
499
900
28
302
291 295
730
621
722
205
76 79
393
922
986
496 498
6 8
510 511
184
24
187
429
486
285 288
94 95
875
581 582
929 930
441
509
557
378
156 157
537 542
633 634
545 547
879 881
733
924
196
52 53
247
642
538
347
98
222
480
870
705 709
975
994
126 128
266 269
843
423
314
34
313
593
776
671
704
174
33
203
574
508
183 185
38
211
287
9
618 619
71 72
166
805 806
400
854
565
555
22
775
401 402
701 703
375 376
45
500
825 828
41
808 810
559
531
724
189
278
310 318
649
734
526
966
20 26
111
230
139
941 943
802
575
212
851
398 399
367
888
206 207
411
439
910 911
129 130
453
384 385
765 769
719
635 636
333
430
694
312
712
467
352
186
554
611
741
695 696
219
955
606
91 93
226 227
532
743
364
539
354
86 88
428 432
628 630
293
320
409 410
359 363
865
497
147 150
70
594
268
658
396
780
787
16
607 608
462
583 585
874
884 885
891 892
655
142
493
323
914
525 527
422 424
848
381
413 414
78
442
239
997
192
699 700
964
591
49 51
562 563
747
255
470 471
464 465
159
57 58
675 676
890
766
374
180 182
728
308
21
860
866 868
662 664
916 918
720 721
811
110
132
116 117
812
421
357
748
906
845
329
504
164
735 737
977 979
931
718
281
438 443
836
831
217
66 67
889
923
932 934
864
54 55
615 617
516
716 717
325
297 304
463
311
515
233
60
849
223 224
261
282
456
561
483
839
317
236 237
987
706
14
473
927 928
123 124
827
804
122
448
533
899
246 248
823
63
209
149
667
75
444 445
755
289 290
873 876
99 101
177
298
754
112
